2025-08-29 19:28:49 [restartedMain] INFO  q.queues.QueuesApplication - Starting QueuesApplication using Java 24.0.1 with PID 19400 (E:\Desktop\San Antonio Test\Queues-SanAntonio\Queues-Back-San-Antonio\build\classes\java\main started by Quai in E:\Desktop\San Antonio Test\Queues-SanAntonio\Queues-Back-San-Antonio)
2025-08-29 19:28:49 [restartedMain] DEBUG q.queues.QueuesApplication - Running with Spring Boot v3.5.4, Spring v6.2.9
2025-08-29 19:28:49 [restartedMain] INFO  q.queues.QueuesApplication - No active profile set, falling back to 1 default profile: "default"
2025-08-29 19:28:49 [restartedMain] INFO  o.s.b.d.e.DevToolsPropertyDefaultsPostProcessor - Devtools property defaults active! Set 'spring.devtools.add-properties' to 'false' to disable
2025-08-29 19:28:49 [restartedMain] INFO  o.s.b.d.e.DevToolsPropertyDefaultsPostProcessor - For additional web related logging consider setting the 'logging.level.web' property to 'DEBUG'
2025-08-29 19:28:50 [restartedMain] INFO  o.s.d.r.c.RepositoryConfigurationDelegate - Bootstrapping Spring Data JPA repositories in DEFAULT mode.
2025-08-29 19:28:50 [restartedMain] INFO  o.s.d.r.c.RepositoryConfigurationDelegate - Finished Spring Data repository scanning in 72 ms. Found 9 JPA repository interfaces.
2025-08-29 19:28:50 [restartedMain] INFO  o.s.b.w.e.tomcat.TomcatWebServer - Tomcat initialized with port 8080 (http)
2025-08-29 19:28:50 [restartedMain] INFO  o.a.catalina.core.StandardService - Starting service [Tomcat]
2025-08-29 19:28:50 [restartedMain] INFO  o.a.catalina.core.StandardEngine - Starting Servlet engine: [Apache Tomcat/10.1.43]
2025-08-29 19:28:50 [restartedMain] INFO  o.a.c.c.C.[Tomcat].[localhost].[/] - Initializing Spring embedded WebApplicationContext
2025-08-29 19:28:50 [restartedMain] INFO  o.s.b.w.s.c.ServletWebServerApplicationContext - Root WebApplicationContext: initialization completed in 1744 ms
2025-08-29 19:28:51 [restartedMain] INFO  com.zaxxer.hikari.HikariDataSource - HikariPool-1 - Starting...
2025-08-29 19:28:51 [restartedMain] INFO  com.zaxxer.hikari.pool.HikariPool - HikariPool-1 - Added connection org.postgresql.jdbc.PgConnection@f85f9e5
2025-08-29 19:28:51 [restartedMain] INFO  com.zaxxer.hikari.HikariDataSource - HikariPool-1 - Start completed.
2025-08-29 19:28:51 [restartedMain] INFO  org.flywaydb.core.FlywayExecutor - Database: jdbc:postgresql://localhost:5432/turnosPresencial (PostgreSQL 17.0)
2025-08-29 19:28:51 [restartedMain] INFO  o.f.core.internal.command.DbValidate - Successfully validated 0 migrations (execution time 00:00.022s)
2025-08-29 19:28:51 [restartedMain] WARN  o.f.core.internal.command.DbValidate - No migrations found. Are your locations set up correctly?
2025-08-29 19:28:51 [restartedMain] INFO  o.f.core.internal.command.DbMigrate - Current version of schema "public": << Empty Schema >>
2025-08-29 19:28:51 [restartedMain] INFO  o.f.core.internal.command.DbMigrate - Schema "public" is up to date. No migration necessary.
2025-08-29 19:28:51 [restartedMain] INFO  o.h.jpa.internal.util.LogHelper - HHH000204: Processing PersistenceUnitInfo [name: default]
2025-08-29 19:28:51 [restartedMain] INFO  org.hibernate.Version - HHH000412: Hibernate ORM core version 6.6.22.Final
2025-08-29 19:28:51 [restartedMain] INFO  o.h.c.i.RegionFactoryInitiator - HHH000026: Second-level cache disabled
2025-08-29 19:28:52 [restartedMain] INFO  o.s.o.j.p.SpringPersistenceUnitInfo - No LoadTimeWeaver setup: ignoring JPA class transformer
2025-08-29 19:28:52 [restartedMain] WARN  org.hibernate.orm.deprecation - HHH90000025: PostgreSQLDialect does not need to be specified explicitly using 'hibernate.dialect' (remove the property setting and it will be selected by default)
2025-08-29 19:28:52 [restartedMain] INFO  o.hibernate.orm.connections.pooling - HHH10001005: Database info:
	Database JDBC URL [Connecting through datasource 'HikariDataSource (HikariPool-1)']
	Database driver: undefined/unknown
	Database version: 17.0
	Autocommit mode: undefined/unknown
	Isolation level: undefined/unknown
	Minimum pool size: undefined/unknown
	Maximum pool size: undefined/unknown
2025-08-29 19:28:53 [restartedMain] INFO  o.h.e.t.j.p.i.JtaPlatformInitiator - HHH000489: No JTA platform available (set 'hibernate.transaction.jta.platform' to enable JTA platform integration)
2025-08-29 19:28:53 [restartedMain] INFO  o.s.o.j.LocalContainerEntityManagerFactoryBean - Initialized JPA EntityManagerFactory for persistence unit 'default'
2025-08-29 19:28:53 [restartedMain] INFO  o.s.d.j.r.query.QueryEnhancerFactory - Hibernate is in classpath; If applicable, HQL parser will be used.
2025-08-29 19:28:54 [restartedMain] DEBUG q.q.security.jwt.JwtRequestFilter - Filter 'jwtRequestFilter' configured for use
2025-08-29 19:28:56 [restartedMain] INFO  o.s.s.c.a.a.c.InitializeAuthenticationProviderBeanManagerConfigurer$InitializeAuthenticationProviderManagerConfigurer - Global AuthenticationManager configured with AuthenticationProvider bean with name authenticationProvider
2025-08-29 19:28:56 [restartedMain] WARN  o.s.s.c.a.a.c.InitializeUserDetailsBeanManagerConfigurer$InitializeUserDetailsManagerConfigurer - Global AuthenticationManager configured with an AuthenticationProvider bean. UserDetailsService beans will not be used by Spring Security for automatically configuring username/password login. Consider removing the AuthenticationProvider bean. Alternatively, consider using the UserDetailsService in a manually instantiated DaoAuthenticationProvider. If the current configuration is intentional, to turn off this warning, increase the logging level of 'org.springframework.security.config.annotation.authentication.configuration.InitializeUserDetailsBeanManagerConfigurer' to ERROR
2025-08-29 19:28:57 [restartedMain] WARN  o.s.b.a.o.j.JpaBaseConfiguration$JpaWebConfiguration - spring.jpa.open-in-view is enabled by default. Therefore, database queries may be performed during view rendering. Explicitly configure spring.jpa.open-in-view to disable this warning
2025-08-29 19:28:57 [restartedMain] INFO  q.q.s.config.SecurityConfiguration - Configurando cadena de filtros de seguridad
2025-08-29 19:28:57 [restartedMain] DEBUG q.q.s.config.SecurityConfiguration - Configurando CORS
2025-08-29 19:28:57 [restartedMain] WARN  o.s.s.c.a.w.c.AuthorizeHttpRequestsConfigurer$AuthorizationManagerRequestMatcherRegistry - One of the patterns in [/api/auth/login, /api/auth/refresh, /api/sectores/publicos, /api/sectores/especiales, api/configuraciones-pantalla/activa, api/mensajes-institucionales/vigentes, api/mensajes-institucionales/configuracion/{configuracionId}, api/turnos/codigo/{codigo}] is missing a leading slash. This is discouraged; please include the leading slash in all your request matcher patterns. In future versions of Spring Security, leaving out the leading slash will result in an exception.
2025-08-29 19:28:57 [restartedMain] INFO  q.q.s.config.SecurityConfiguration - Configuración de seguridad completada
2025-08-29 19:28:57 [restartedMain] INFO  org.quartz.impl.StdSchedulerFactory - Using default implementation for ThreadExecutor
2025-08-29 19:28:57 [restartedMain] INFO  o.quartz.core.SchedulerSignalerImpl - Initialized Scheduler Signaller of type: class org.quartz.core.SchedulerSignalerImpl
2025-08-29 19:28:57 [restartedMain] INFO  org.quartz.core.QuartzScheduler - Quartz Scheduler v2.5.0 created.
2025-08-29 19:28:57 [restartedMain] INFO  org.quartz.simpl.RAMJobStore - RAMJobStore initialized.
2025-08-29 19:28:57 [restartedMain] INFO  org.quartz.core.QuartzScheduler - Scheduler meta-data: Quartz Scheduler (v2.5.0) 'quartzScheduler' with instanceId 'NON_CLUSTERED'
  Scheduler class: 'org.quartz.core.QuartzScheduler' - running locally.
  NOT STARTED.
  Currently in standby mode.
  Number of jobs executed: 0
  Using thread pool 'org.quartz.simpl.SimpleThreadPool' - with 10 threads.
  Using job-store 'org.quartz.simpl.RAMJobStore' - which does not support persistence. and is not clustered.

2025-08-29 19:28:57 [restartedMain] INFO  org.quartz.impl.StdSchedulerFactory - Quartz scheduler 'quartzScheduler' initialized from an externally provided properties instance.
2025-08-29 19:28:57 [restartedMain] INFO  org.quartz.impl.StdSchedulerFactory - Quartz scheduler version: 2.5.0
2025-08-29 19:28:57 [restartedMain] INFO  org.quartz.core.QuartzScheduler - JobFactory set to: org.springframework.scheduling.quartz.SpringBeanJobFactory@407d3910
2025-08-29 19:28:57 [restartedMain] INFO  o.s.b.d.a.OptionalLiveReloadServer - LiveReload server is running on port 35729
2025-08-29 19:28:57 [restartedMain] INFO  o.s.b.w.e.tomcat.TomcatWebServer - Tomcat started on port 8080 (http) with context path '/'
2025-08-29 19:28:57 [restartedMain] INFO  o.s.s.quartz.SchedulerFactoryBean - Starting Quartz Scheduler now
2025-08-29 19:28:57 [restartedMain] INFO  org.quartz.core.QuartzScheduler - Scheduler quartzScheduler_$_NON_CLUSTERED started.
2025-08-29 19:28:57 [restartedMain] INFO  q.queues.QueuesApplication - Started QueuesApplication in 9.116 seconds (process running for 9.515)
2025-08-29 19:28:57 [restartedMain] DEBUG org.hibernate.SQL - 
    /* select
        count(*) 
    from
        Empleado x */ select
            count(*) 
        from
            empleados e1_0
2025-08-29 19:28:58 [http-nio-8080-exec-2] INFO  o.a.c.c.C.[Tomcat].[localhost].[/] - Initializing Spring DispatcherServlet 'dispatcherServlet'
2025-08-29 19:28:58 [http-nio-8080-exec-2] INFO  o.s.web.servlet.DispatcherServlet - Initializing Servlet 'dispatcherServlet'
2025-08-29 19:28:58 [http-nio-8080-exec-2] INFO  o.s.web.servlet.DispatcherServlet - Completed initialization in 1 ms
2025-08-29 19:28:58 [http-nio-8080-exec-5] WARN  q.queues.security.jwt.JwtService - Token JWT expirado: JWT expired 5599200 milliseconds ago at 2025-08-29T20:55:39.000Z. Current time: 2025-08-29T22:28:58.200Z. Allowed clock skew: 0 milliseconds.
2025-08-29 19:28:58 [http-nio-8080-exec-6] WARN  q.queues.security.jwt.JwtService - Token JWT expirado: JWT expired 5599200 milliseconds ago at 2025-08-29T20:55:39.000Z. Current time: 2025-08-29T22:28:58.200Z. Allowed clock skew: 0 milliseconds.
2025-08-29 19:28:58 [http-nio-8080-exec-5] WARN  q.q.security.jwt.JwtRequestFilter - Token JWT expirado para usuario: quai
2025-08-29 19:28:58 [http-nio-8080-exec-6] WARN  q.q.security.jwt.JwtRequestFilter - Token JWT expirado para usuario: quai
2025-08-29 19:28:58 [http-nio-8080-exec-7] WARN  q.queues.security.jwt.JwtService - Token JWT expirado: JWT expired 5599208 milliseconds ago at 2025-08-29T20:55:39.000Z. Current time: 2025-08-29T22:28:58.208Z. Allowed clock skew: 0 milliseconds.
2025-08-29 19:28:58 [http-nio-8080-exec-8] WARN  q.queues.security.jwt.JwtService - Token JWT expirado: JWT expired 5599208 milliseconds ago at 2025-08-29T20:55:39.000Z. Current time: 2025-08-29T22:28:58.208Z. Allowed clock skew: 0 milliseconds.
2025-08-29 19:28:58 [http-nio-8080-exec-7] WARN  q.q.security.jwt.JwtRequestFilter - Token JWT expirado para usuario: quai
2025-08-29 19:28:58 [http-nio-8080-exec-8] WARN  q.q.security.jwt.JwtRequestFilter - Token JWT expirado para usuario: quai
2025-08-29 19:28:58 [http-nio-8080-exec-1] DEBUG q.q.web.controllers.AuthController - Solicitud de refresh token: RefreshTokenRequest{username='null', deviceInfo='Mozilla/5.0 (Windows NT 10.0; Win64; x64) AppleWebKit/537.36 (KHTML, like Gecko) Chrome/139.0.0.0 Safari/537.36 - 1920x1080', clientIp='0:0:0:0:0:0:0:1', tokenPresent=true}
2025-08-29 19:28:58 [http-nio-8080-exec-2] DEBUG q.q.web.controllers.AuthController - Solicitud de refresh token: RefreshTokenRequest{username='null', deviceInfo='Mozilla/5.0 (Windows NT 10.0; Win64; x64) AppleWebKit/537.36 (KHTML, like Gecko) Chrome/139.0.0.0 Safari/537.36 - 1920x1080', clientIp='0:0:0:0:0:0:0:1', tokenPresent=true}
2025-08-29 19:28:58 [http-nio-8080-exec-4] DEBUG q.q.web.controllers.AuthController - Solicitud de refresh token: RefreshTokenRequest{username='null', deviceInfo='Mozilla/5.0 (Windows NT 10.0; Win64; x64) AppleWebKit/537.36 (KHTML, like Gecko) Chrome/139.0.0.0 Safari/537.36 - 1920x1080', clientIp='0:0:0:0:0:0:0:1', tokenPresent=true}
2025-08-29 19:28:58 [http-nio-8080-exec-3] DEBUG q.q.web.controllers.AuthController - Solicitud de refresh token: RefreshTokenRequest{username='null', deviceInfo='Mozilla/5.0 (Windows NT 10.0; Win64; x64) AppleWebKit/537.36 (KHTML, like Gecko) Chrome/139.0.0.0 Safari/537.36 - 1920x1080', clientIp='0:0:0:0:0:0:0:1', tokenPresent=true}
2025-08-29 19:28:58 [http-nio-8080-exec-2] DEBUG q.q.s.u.EmpleadoUserDetailsService - Cargando detalles del usuario: quai
2025-08-29 19:28:58 [http-nio-8080-exec-3] DEBUG q.q.s.u.EmpleadoUserDetailsService - Cargando detalles del usuario: quai
2025-08-29 19:28:58 [http-nio-8080-exec-1] DEBUG q.q.s.u.EmpleadoUserDetailsService - Cargando detalles del usuario: quai
2025-08-29 19:28:58 [http-nio-8080-exec-4] DEBUG q.q.s.u.EmpleadoUserDetailsService - Cargando detalles del usuario: quai
2025-08-29 19:28:58 [http-nio-8080-exec-3] DEBUG org.hibernate.SQL - 
    /* <criteria> */ select
        e1_0.id,
        e1_0.activo,
        e1_0.apellido,
        e1_0.dni,
        e1_0.email,
        e1_0.fecha_actualizacion,
        e1_0.fecha_creacion,
        e1_0.nombre,
        e1_0.password,
        e1_0.rol,
        e1_0.sector_id,
        e1_0.ultimo_acceso,
        e1_0.username 
    from
        empleados e1_0 
    where
        e1_0.username=?
2025-08-29 19:28:58 [http-nio-8080-exec-1] DEBUG org.hibernate.SQL - 
    /* <criteria> */ select
        e1_0.id,
        e1_0.activo,
        e1_0.apellido,
        e1_0.dni,
        e1_0.email,
        e1_0.fecha_actualizacion,
        e1_0.fecha_creacion,
        e1_0.nombre,
        e1_0.password,
        e1_0.rol,
        e1_0.sector_id,
        e1_0.ultimo_acceso,
        e1_0.username 
    from
        empleados e1_0 
    where
        e1_0.username=?
2025-08-29 19:28:58 [http-nio-8080-exec-2] DEBUG org.hibernate.SQL - 
    /* <criteria> */ select
        e1_0.id,
        e1_0.activo,
        e1_0.apellido,
        e1_0.dni,
        e1_0.email,
        e1_0.fecha_actualizacion,
        e1_0.fecha_creacion,
        e1_0.nombre,
        e1_0.password,
        e1_0.rol,
        e1_0.sector_id,
        e1_0.ultimo_acceso,
        e1_0.username 
    from
        empleados e1_0 
    where
        e1_0.username=?
2025-08-29 19:28:58 [http-nio-8080-exec-4] DEBUG org.hibernate.SQL - 
    /* <criteria> */ select
        e1_0.id,
        e1_0.activo,
        e1_0.apellido,
        e1_0.dni,
        e1_0.email,
        e1_0.fecha_actualizacion,
        e1_0.fecha_creacion,
        e1_0.nombre,
        e1_0.password,
        e1_0.rol,
        e1_0.sector_id,
        e1_0.ultimo_acceso,
        e1_0.username 
    from
        empleados e1_0 
    where
        e1_0.username=?
2025-08-29 19:28:58 [http-nio-8080-exec-1] DEBUG q.q.s.u.EmpleadoUserDetailsService - Usuario encontrado: quai - Rol: ADMIN - Activo: true
2025-08-29 19:28:58 [http-nio-8080-exec-3] DEBUG q.q.s.u.EmpleadoUserDetailsService - Usuario encontrado: quai - Rol: ADMIN - Activo: true
2025-08-29 19:28:58 [http-nio-8080-exec-4] DEBUG q.q.s.u.EmpleadoUserDetailsService - Usuario encontrado: quai - Rol: ADMIN - Activo: true
2025-08-29 19:28:58 [http-nio-8080-exec-2] DEBUG q.q.s.u.EmpleadoUserDetailsService - Usuario encontrado: quai - Rol: ADMIN - Activo: true
2025-08-29 19:28:58 [http-nio-8080-exec-3] DEBUG q.q.s.u.EmpleadoUserDetailsService - Autoridades asignadas a quai: [ROLE_ADMIN, PERMISSION_ADMIN_ALL, PERMISSION_MANAGE_EMPLOYEES, PERMISSION_MANAGE_SECTORS, PERMISSION_VIEW_STATISTICS, PERMISSION_MANAGE_CONFIGURATION, PERMISSION_MANAGE_MESSAGES, PERMISSION_MANAGE_SCHEDULES, PERMISSION_ATTEND_TURNS, PERMISSION_REDIRECT_TURNS, PERMISSION_VIEW_AUDIT]
2025-08-29 19:28:58 [http-nio-8080-exec-4] DEBUG q.q.s.u.EmpleadoUserDetailsService - Autoridades asignadas a quai: [ROLE_ADMIN, PERMISSION_ADMIN_ALL, PERMISSION_MANAGE_EMPLOYEES, PERMISSION_MANAGE_SECTORS, PERMISSION_VIEW_STATISTICS, PERMISSION_MANAGE_CONFIGURATION, PERMISSION_MANAGE_MESSAGES, PERMISSION_MANAGE_SCHEDULES, PERMISSION_ATTEND_TURNS, PERMISSION_REDIRECT_TURNS, PERMISSION_VIEW_AUDIT]
2025-08-29 19:28:58 [http-nio-8080-exec-2] DEBUG q.q.s.u.EmpleadoUserDetailsService - Autoridades asignadas a quai: [ROLE_ADMIN, PERMISSION_ADMIN_ALL, PERMISSION_MANAGE_EMPLOYEES, PERMISSION_MANAGE_SECTORS, PERMISSION_VIEW_STATISTICS, PERMISSION_MANAGE_CONFIGURATION, PERMISSION_MANAGE_MESSAGES, PERMISSION_MANAGE_SCHEDULES, PERMISSION_ATTEND_TURNS, PERMISSION_REDIRECT_TURNS, PERMISSION_VIEW_AUDIT]
2025-08-29 19:28:58 [http-nio-8080-exec-1] DEBUG q.q.s.u.EmpleadoUserDetailsService - Autoridades asignadas a quai: [ROLE_ADMIN, PERMISSION_ADMIN_ALL, PERMISSION_MANAGE_EMPLOYEES, PERMISSION_MANAGE_SECTORS, PERMISSION_VIEW_STATISTICS, PERMISSION_MANAGE_CONFIGURATION, PERMISSION_MANAGE_MESSAGES, PERMISSION_MANAGE_SCHEDULES, PERMISSION_ATTEND_TURNS, PERMISSION_REDIRECT_TURNS, PERMISSION_VIEW_AUDIT]
2025-08-29 19:28:58 [http-nio-8080-exec-2] DEBUG org.hibernate.SQL - 
    /* <criteria> */ select
        e1_0.id,
        e1_0.activo,
        e1_0.apellido,
        e1_0.dni,
        e1_0.email,
        e1_0.fecha_actualizacion,
        e1_0.fecha_creacion,
        e1_0.nombre,
        e1_0.password,
        e1_0.rol,
        e1_0.sector_id,
        e1_0.ultimo_acceso,
        e1_0.username 
    from
        empleados e1_0 
    where
        e1_0.username=?
2025-08-29 19:28:58 [http-nio-8080-exec-4] DEBUG org.hibernate.SQL - 
    /* <criteria> */ select
        e1_0.id,
        e1_0.activo,
        e1_0.apellido,
        e1_0.dni,
        e1_0.email,
        e1_0.fecha_actualizacion,
        e1_0.fecha_creacion,
        e1_0.nombre,
        e1_0.password,
        e1_0.rol,
        e1_0.sector_id,
        e1_0.ultimo_acceso,
        e1_0.username 
    from
        empleados e1_0 
    where
        e1_0.username=?
2025-08-29 19:28:58 [http-nio-8080-exec-3] DEBUG org.hibernate.SQL - 
    /* <criteria> */ select
        e1_0.id,
        e1_0.activo,
        e1_0.apellido,
        e1_0.dni,
        e1_0.email,
        e1_0.fecha_actualizacion,
        e1_0.fecha_creacion,
        e1_0.nombre,
        e1_0.password,
        e1_0.rol,
        e1_0.sector_id,
        e1_0.ultimo_acceso,
        e1_0.username 
    from
        empleados e1_0 
    where
        e1_0.username=?
2025-08-29 19:28:58 [http-nio-8080-exec-1] DEBUG org.hibernate.SQL - 
    /* <criteria> */ select
        e1_0.id,
        e1_0.activo,
        e1_0.apellido,
        e1_0.dni,
        e1_0.email,
        e1_0.fecha_actualizacion,
        e1_0.fecha_creacion,
        e1_0.nombre,
        e1_0.password,
        e1_0.rol,
        e1_0.sector_id,
        e1_0.ultimo_acceso,
        e1_0.username 
    from
        empleados e1_0 
    where
        e1_0.username=?
2025-08-29 19:28:58 [http-nio-8080-exec-3] DEBUG q.q.web.controllers.AuthController - Solo access token renovado para usuario: quai
2025-08-29 19:28:58 [http-nio-8080-exec-4] DEBUG q.q.web.controllers.AuthController - Solo access token renovado para usuario: quai
2025-08-29 19:28:58 [http-nio-8080-exec-1] DEBUG q.q.web.controllers.AuthController - Solo access token renovado para usuario: quai
2025-08-29 19:28:58 [http-nio-8080-exec-2] DEBUG q.q.web.controllers.AuthController - Solo access token renovado para usuario: quai
2025-08-29 19:28:58 [http-nio-8080-exec-5] DEBUG q.q.security.jwt.JwtRequestFilter - Token JWT procesado para usuario: quai
2025-08-29 19:28:58 [http-nio-8080-exec-6] DEBUG q.q.security.jwt.JwtRequestFilter - Token JWT procesado para usuario: quai
2025-08-29 19:28:58 [http-nio-8080-exec-5] DEBUG q.q.s.u.EmpleadoUserDetailsService - Cargando detalles del usuario: quai
2025-08-29 19:28:58 [http-nio-8080-exec-6] DEBUG q.q.s.u.EmpleadoUserDetailsService - Cargando detalles del usuario: quai
2025-08-29 19:28:58 [http-nio-8080-exec-6] DEBUG org.hibernate.SQL - 
    /* <criteria> */ select
        e1_0.id,
        e1_0.activo,
        e1_0.apellido,
        e1_0.dni,
        e1_0.email,
        e1_0.fecha_actualizacion,
        e1_0.fecha_creacion,
        e1_0.nombre,
        e1_0.password,
        e1_0.rol,
        e1_0.sector_id,
        e1_0.ultimo_acceso,
        e1_0.username 
    from
        empleados e1_0 
    where
        e1_0.username=?
2025-08-29 19:28:58 [http-nio-8080-exec-5] DEBUG org.hibernate.SQL - 
    /* <criteria> */ select
        e1_0.id,
        e1_0.activo,
        e1_0.apellido,
        e1_0.dni,
        e1_0.email,
        e1_0.fecha_actualizacion,
        e1_0.fecha_creacion,
        e1_0.nombre,
        e1_0.password,
        e1_0.rol,
        e1_0.sector_id,
        e1_0.ultimo_acceso,
        e1_0.username 
    from
        empleados e1_0 
    where
        e1_0.username=?
2025-08-29 19:28:58 [http-nio-8080-exec-5] DEBUG q.q.s.u.EmpleadoUserDetailsService - Usuario encontrado: quai - Rol: ADMIN - Activo: true
2025-08-29 19:28:58 [http-nio-8080-exec-6] DEBUG q.q.s.u.EmpleadoUserDetailsService - Usuario encontrado: quai - Rol: ADMIN - Activo: true
2025-08-29 19:28:58 [http-nio-8080-exec-6] DEBUG q.q.s.u.EmpleadoUserDetailsService - Autoridades asignadas a quai: [ROLE_ADMIN, PERMISSION_ADMIN_ALL, PERMISSION_MANAGE_EMPLOYEES, PERMISSION_MANAGE_SECTORS, PERMISSION_VIEW_STATISTICS, PERMISSION_MANAGE_CONFIGURATION, PERMISSION_MANAGE_MESSAGES, PERMISSION_MANAGE_SCHEDULES, PERMISSION_ATTEND_TURNS, PERMISSION_REDIRECT_TURNS, PERMISSION_VIEW_AUDIT]
2025-08-29 19:28:58 [http-nio-8080-exec-5] DEBUG q.q.s.u.EmpleadoUserDetailsService - Autoridades asignadas a quai: [ROLE_ADMIN, PERMISSION_ADMIN_ALL, PERMISSION_MANAGE_EMPLOYEES, PERMISSION_MANAGE_SECTORS, PERMISSION_VIEW_STATISTICS, PERMISSION_MANAGE_CONFIGURATION, PERMISSION_MANAGE_MESSAGES, PERMISSION_MANAGE_SCHEDULES, PERMISSION_ATTEND_TURNS, PERMISSION_REDIRECT_TURNS, PERMISSION_VIEW_AUDIT]
2025-08-29 19:28:58 [http-nio-8080-exec-5] DEBUG q.q.security.jwt.JwtRequestFilter - Autenticación establecida para usuario: quai
2025-08-29 19:28:58 [http-nio-8080-exec-6] DEBUG q.q.security.jwt.JwtRequestFilter - Autenticación establecida para usuario: quai
2025-08-29 19:28:58 [http-nio-8080-exec-5] DEBUG q.q.w.controllers.EmpleadoController - Obteniendo estadísticas de empleados
2025-08-29 19:28:58 [http-nio-8080-exec-6] DEBUG q.q.w.c.EstadisticaTurnoController - Obteniendo resumen de hoy
2025-08-29 19:28:58 [http-nio-8080-exec-6] DEBUG q.q.w.c.EstadisticaTurnoController - Obteniendo resumen diario para fecha 2025-08-29
2025-08-29 19:28:58 [http-nio-8080-exec-6] DEBUG q.q.s.i.EstadisticaTurnoServiceImpl - Consultando estadísticas generales entre 2025-08-29 y 2025-08-29
2025-08-29 19:28:58 [http-nio-8080-exec-5] DEBUG org.hibernate.SQL - 
    /* <criteria> */ select
        e1_0.id,
        e1_0.activo,
        e1_0.apellido,
        e1_0.dni,
        e1_0.email,
        e1_0.fecha_actualizacion,
        e1_0.fecha_creacion,
        e1_0.nombre,
        e1_0.password,
        e1_0.rol,
        e1_0.sector_id,
        e1_0.ultimo_acceso,
        e1_0.username 
    from
        empleados e1_0
2025-08-29 19:28:58 [http-nio-8080-exec-6] DEBUG org.hibernate.SQL - 
    /* SELECT
        e 
    FROM
        EstadisticaTurno e 
    WHERE
        e.empleado IS NULL 
        AND e.fecha BETWEEN :fechaInicio AND :fechaFin 
    ORDER BY
        e.fecha DESC,
        e.sector.nombre ASC */ select
            et1_0.id,
            et1_0.cantidad_pico,
            et1_0.empleado_id,
            et1_0.fecha,
            et1_0.fecha_actualizacion,
            et1_0.hora_pico,
            et1_0.sector_id,
            et1_0.tiempo_maximo_espera,
            et1_0.tiempo_minimo_espera,
            et1_0.tiempo_promedio_atencion,
            et1_0.tiempo_promedio_espera,
            et1_0.tiempo_total_atencion,
            et1_0.turnos_atendidos,
            et1_0.turnos_ausentes,
            et1_0.turnos_cancelados,
            et1_0.turnos_generados,
            et1_0.turnos_redirigidos 
        from
            estadisticas_turnos et1_0 
        join
            sectores s1_0 
                on s1_0.id=et1_0.sector_id 
        where
            et1_0.empleado_id is null 
            and et1_0.fecha between ? and ? 
        order by
            et1_0.fecha desc,
            s1_0.nombre
2025-08-29 19:28:58 [http-nio-8080-exec-9] DEBUG q.q.security.jwt.JwtRequestFilter - Token JWT procesado para usuario: quai
2025-08-29 19:28:58 [http-nio-8080-exec-9] DEBUG q.q.s.u.EmpleadoUserDetailsService - Cargando detalles del usuario: quai
2025-08-29 19:28:58 [http-nio-8080-exec-9] DEBUG org.hibernate.SQL - 
    /* <criteria> */ select
        e1_0.id,
        e1_0.activo,
        e1_0.apellido,
        e1_0.dni,
        e1_0.email,
        e1_0.fecha_actualizacion,
        e1_0.fecha_creacion,
        e1_0.nombre,
        e1_0.password,
        e1_0.rol,
        e1_0.sector_id,
        e1_0.ultimo_acceso,
        e1_0.username 
    from
        empleados e1_0 
    where
        e1_0.username=?
2025-08-29 19:28:58 [http-nio-8080-exec-9] DEBUG q.q.s.u.EmpleadoUserDetailsService - Usuario encontrado: quai - Rol: ADMIN - Activo: true
2025-08-29 19:28:58 [http-nio-8080-exec-9] DEBUG q.q.s.u.EmpleadoUserDetailsService - Autoridades asignadas a quai: [ROLE_ADMIN, PERMISSION_ADMIN_ALL, PERMISSION_MANAGE_EMPLOYEES, PERMISSION_MANAGE_SECTORS, PERMISSION_VIEW_STATISTICS, PERMISSION_MANAGE_CONFIGURATION, PERMISSION_MANAGE_MESSAGES, PERMISSION_MANAGE_SCHEDULES, PERMISSION_ATTEND_TURNS, PERMISSION_REDIRECT_TURNS, PERMISSION_VIEW_AUDIT]
2025-08-29 19:28:58 [http-nio-8080-exec-9] DEBUG q.q.security.jwt.JwtRequestFilter - Autenticación establecida para usuario: quai
2025-08-29 19:28:58 [http-nio-8080-exec-9] DEBUG q.q.w.controllers.EmpleadoController - Obteniendo estadísticas de empleados
2025-08-29 19:28:58 [http-nio-8080-exec-9] DEBUG org.hibernate.SQL - 
    /* <criteria> */ select
        e1_0.id,
        e1_0.activo,
        e1_0.apellido,
        e1_0.dni,
        e1_0.email,
        e1_0.fecha_actualizacion,
        e1_0.fecha_creacion,
        e1_0.nombre,
        e1_0.password,
        e1_0.rol,
        e1_0.sector_id,
        e1_0.ultimo_acceso,
        e1_0.username 
    from
        empleados e1_0
2025-08-29 19:28:58 [http-nio-8080-exec-7] DEBUG q.q.security.jwt.JwtRequestFilter - Token JWT procesado para usuario: quai
2025-08-29 19:28:58 [http-nio-8080-exec-7] DEBUG q.q.s.u.EmpleadoUserDetailsService - Cargando detalles del usuario: quai
2025-08-29 19:28:58 [http-nio-8080-exec-7] DEBUG org.hibernate.SQL - 
    /* <criteria> */ select
        e1_0.id,
        e1_0.activo,
        e1_0.apellido,
        e1_0.dni,
        e1_0.email,
        e1_0.fecha_actualizacion,
        e1_0.fecha_creacion,
        e1_0.nombre,
        e1_0.password,
        e1_0.rol,
        e1_0.sector_id,
        e1_0.ultimo_acceso,
        e1_0.username 
    from
        empleados e1_0 
    where
        e1_0.username=?
2025-08-29 19:28:58 [http-nio-8080-exec-7] DEBUG q.q.s.u.EmpleadoUserDetailsService - Usuario encontrado: quai - Rol: ADMIN - Activo: true
2025-08-29 19:28:58 [http-nio-8080-exec-7] DEBUG q.q.s.u.EmpleadoUserDetailsService - Autoridades asignadas a quai: [ROLE_ADMIN, PERMISSION_ADMIN_ALL, PERMISSION_MANAGE_EMPLOYEES, PERMISSION_MANAGE_SECTORS, PERMISSION_VIEW_STATISTICS, PERMISSION_MANAGE_CONFIGURATION, PERMISSION_MANAGE_MESSAGES, PERMISSION_MANAGE_SCHEDULES, PERMISSION_ATTEND_TURNS, PERMISSION_REDIRECT_TURNS, PERMISSION_VIEW_AUDIT]
2025-08-29 19:28:58 [http-nio-8080-exec-7] DEBUG q.q.security.jwt.JwtRequestFilter - Autenticación establecida para usuario: quai
2025-08-29 19:28:58 [http-nio-8080-exec-7] DEBUG q.q.w.c.EstadisticaTurnoController - Obteniendo resumen de hoy
2025-08-29 19:28:58 [http-nio-8080-exec-7] DEBUG q.q.w.c.EstadisticaTurnoController - Obteniendo resumen diario para fecha 2025-08-29
2025-08-29 19:28:58 [http-nio-8080-exec-7] DEBUG q.q.s.i.EstadisticaTurnoServiceImpl - Consultando estadísticas generales entre 2025-08-29 y 2025-08-29
2025-08-29 19:28:58 [http-nio-8080-exec-7] DEBUG org.hibernate.SQL - 
    /* SELECT
        e 
    FROM
        EstadisticaTurno e 
    WHERE
        e.empleado IS NULL 
        AND e.fecha BETWEEN :fechaInicio AND :fechaFin 
    ORDER BY
        e.fecha DESC,
        e.sector.nombre ASC */ select
            et1_0.id,
            et1_0.cantidad_pico,
            et1_0.empleado_id,
            et1_0.fecha,
            et1_0.fecha_actualizacion,
            et1_0.hora_pico,
            et1_0.sector_id,
            et1_0.tiempo_maximo_espera,
            et1_0.tiempo_minimo_espera,
            et1_0.tiempo_promedio_atencion,
            et1_0.tiempo_promedio_espera,
            et1_0.tiempo_total_atencion,
            et1_0.turnos_atendidos,
            et1_0.turnos_ausentes,
            et1_0.turnos_cancelados,
            et1_0.turnos_generados,
            et1_0.turnos_redirigidos 
        from
            estadisticas_turnos et1_0 
        join
            sectores s1_0 
                on s1_0.id=et1_0.sector_id 
        where
            et1_0.empleado_id is null 
            and et1_0.fecha between ? and ? 
        order by
            et1_0.fecha desc,
            s1_0.nombre
2025-08-29 19:29:02 [http-nio-8080-exec-10] DEBUG q.q.security.jwt.JwtRequestFilter - Token JWT procesado para usuario: quai
2025-08-29 19:29:02 [http-nio-8080-exec-10] DEBUG q.q.s.u.EmpleadoUserDetailsService - Cargando detalles del usuario: quai
2025-08-29 19:29:02 [http-nio-8080-exec-10] DEBUG org.hibernate.SQL - 
    /* <criteria> */ select
        e1_0.id,
        e1_0.activo,
        e1_0.apellido,
        e1_0.dni,
        e1_0.email,
        e1_0.fecha_actualizacion,
        e1_0.fecha_creacion,
        e1_0.nombre,
        e1_0.password,
        e1_0.rol,
        e1_0.sector_id,
        e1_0.ultimo_acceso,
        e1_0.username 
    from
        empleados e1_0 
    where
        e1_0.username=?
2025-08-29 19:29:02 [http-nio-8080-exec-10] DEBUG q.q.s.u.EmpleadoUserDetailsService - Usuario encontrado: quai - Rol: ADMIN - Activo: true
2025-08-29 19:29:02 [http-nio-8080-exec-10] DEBUG q.q.s.u.EmpleadoUserDetailsService - Autoridades asignadas a quai: [ROLE_ADMIN, PERMISSION_ADMIN_ALL, PERMISSION_MANAGE_EMPLOYEES, PERMISSION_MANAGE_SECTORS, PERMISSION_VIEW_STATISTICS, PERMISSION_MANAGE_CONFIGURATION, PERMISSION_MANAGE_MESSAGES, PERMISSION_MANAGE_SCHEDULES, PERMISSION_ATTEND_TURNS, PERMISSION_REDIRECT_TURNS, PERMISSION_VIEW_AUDIT]
2025-08-29 19:29:02 [http-nio-8080-exec-10] DEBUG q.q.security.jwt.JwtRequestFilter - Autenticación establecida para usuario: quai
2025-08-29 19:29:02 [http-nio-8080-exec-10] INFO  q.q.web.controllers.AuthController - Logout de usuario: quai - IP: 0:0:0:0:0:0:0:1
2025-08-29 19:29:17 [http-nio-8080-exec-4] INFO  q.q.web.controllers.AuthController - Intento de login: LoginRequest{username='quai', rememberMe=false, deviceInfo='Mozilla/5.0 (Windows NT 10.0; Win64; x64) AppleWebKit/537.36 (KHTML, like Gecko) Chrome/139.0.0.0 Safari/537.36 - 1920x1080', clientIp='0:0:0:0:0:0:0:1'}
2025-08-29 19:29:17 [http-nio-8080-exec-4] DEBUG q.q.s.u.EmpleadoUserDetailsService - Cargando detalles del usuario: quai
2025-08-29 19:29:17 [http-nio-8080-exec-4] DEBUG org.hibernate.SQL - 
    /* <criteria> */ select
        e1_0.id,
        e1_0.activo,
        e1_0.apellido,
        e1_0.dni,
        e1_0.email,
        e1_0.fecha_actualizacion,
        e1_0.fecha_creacion,
        e1_0.nombre,
        e1_0.password,
        e1_0.rol,
        e1_0.sector_id,
        e1_0.ultimo_acceso,
        e1_0.username 
    from
        empleados e1_0 
    where
        e1_0.username=?
2025-08-29 19:29:17 [http-nio-8080-exec-4] DEBUG q.q.s.u.EmpleadoUserDetailsService - Usuario encontrado: quai - Rol: ADMIN - Activo: true
2025-08-29 19:29:17 [http-nio-8080-exec-4] DEBUG q.q.s.u.EmpleadoUserDetailsService - Autoridades asignadas a quai: [ROLE_ADMIN, PERMISSION_ADMIN_ALL, PERMISSION_MANAGE_EMPLOYEES, PERMISSION_MANAGE_SECTORS, PERMISSION_VIEW_STATISTICS, PERMISSION_MANAGE_CONFIGURATION, PERMISSION_MANAGE_MESSAGES, PERMISSION_MANAGE_SCHEDULES, PERMISSION_ATTEND_TURNS, PERMISSION_REDIRECT_TURNS, PERMISSION_VIEW_AUDIT]
2025-08-29 19:29:17 [http-nio-8080-exec-4] DEBUG org.hibernate.SQL - 
    /* <criteria> */ select
        e1_0.id,
        e1_0.activo,
        e1_0.apellido,
        e1_0.dni,
        e1_0.email,
        e1_0.fecha_actualizacion,
        e1_0.fecha_creacion,
        e1_0.nombre,
        e1_0.password,
        e1_0.rol,
        e1_0.sector_id,
        e1_0.ultimo_acceso,
        e1_0.username 
    from
        empleados e1_0 
    where
        e1_0.username=?
2025-08-29 19:29:17 [http-nio-8080-exec-4] DEBUG q.q.s.impl.EmpleadoServiceImpl - Guardando empleado: quai
2025-08-29 19:29:17 [http-nio-8080-exec-4] DEBUG org.hibernate.SQL - 
    /* update
        for queue_san_antonio.queues.models.Empleado */update empleados 
    set
        activo=?,
        apellido=?,
        dni=?,
        email=?,
        fecha_actualizacion=?,
        nombre=?,
        password=?,
        rol=?,
        sector_id=?,
        ultimo_acceso=?,
        username=? 
    where
        id=?
2025-08-29 19:29:17 [http-nio-8080-exec-4] DEBUG q.q.s.u.EmpleadoUserDetailsService - Cargando detalles del usuario: quai
2025-08-29 19:29:17 [http-nio-8080-exec-4] DEBUG org.hibernate.SQL - 
    /* <criteria> */ select
        e1_0.id,
        e1_0.activo,
        e1_0.apellido,
        e1_0.dni,
        e1_0.email,
        e1_0.fecha_actualizacion,
        e1_0.fecha_creacion,
        e1_0.nombre,
        e1_0.password,
        e1_0.rol,
        e1_0.sector_id,
        e1_0.ultimo_acceso,
        e1_0.username 
    from
        empleados e1_0 
    where
        e1_0.username=?
2025-08-29 19:29:17 [http-nio-8080-exec-4] DEBUG q.q.s.u.EmpleadoUserDetailsService - Usuario encontrado: quai - Rol: ADMIN - Activo: true
2025-08-29 19:29:17 [http-nio-8080-exec-4] DEBUG q.q.s.u.EmpleadoUserDetailsService - Autoridades asignadas a quai: [ROLE_ADMIN, PERMISSION_ADMIN_ALL, PERMISSION_MANAGE_EMPLOYEES, PERMISSION_MANAGE_SECTORS, PERMISSION_VIEW_STATISTICS, PERMISSION_MANAGE_CONFIGURATION, PERMISSION_MANAGE_MESSAGES, PERMISSION_MANAGE_SCHEDULES, PERMISSION_ATTEND_TURNS, PERMISSION_REDIRECT_TURNS, PERMISSION_VIEW_AUDIT]
2025-08-29 19:29:17 [http-nio-8080-exec-4] INFO  q.q.web.controllers.AuthController - Login exitoso para usuario: quai - Rol: ADMIN - IP: 0:0:0:0:0:0:0:1
2025-08-29 19:29:18 [http-nio-8080-exec-1] DEBUG q.q.security.jwt.JwtRequestFilter - Token JWT procesado para usuario: quai
2025-08-29 19:29:18 [http-nio-8080-exec-2] DEBUG q.q.security.jwt.JwtRequestFilter - Token JWT procesado para usuario: quai
2025-08-29 19:29:18 [http-nio-8080-exec-2] DEBUG q.q.s.u.EmpleadoUserDetailsService - Cargando detalles del usuario: quai
2025-08-29 19:29:18 [http-nio-8080-exec-1] DEBUG q.q.s.u.EmpleadoUserDetailsService - Cargando detalles del usuario: quai
2025-08-29 19:29:18 [http-nio-8080-exec-1] DEBUG org.hibernate.SQL - 
    /* <criteria> */ select
        e1_0.id,
        e1_0.activo,
        e1_0.apellido,
        e1_0.dni,
        e1_0.email,
        e1_0.fecha_actualizacion,
        e1_0.fecha_creacion,
        e1_0.nombre,
        e1_0.password,
        e1_0.rol,
        e1_0.sector_id,
        e1_0.ultimo_acceso,
        e1_0.username 
    from
        empleados e1_0 
    where
        e1_0.username=?
2025-08-29 19:29:18 [http-nio-8080-exec-2] DEBUG org.hibernate.SQL - 
    /* <criteria> */ select
        e1_0.id,
        e1_0.activo,
        e1_0.apellido,
        e1_0.dni,
        e1_0.email,
        e1_0.fecha_actualizacion,
        e1_0.fecha_creacion,
        e1_0.nombre,
        e1_0.password,
        e1_0.rol,
        e1_0.sector_id,
        e1_0.ultimo_acceso,
        e1_0.username 
    from
        empleados e1_0 
    where
        e1_0.username=?
2025-08-29 19:29:18 [http-nio-8080-exec-1] DEBUG q.q.s.u.EmpleadoUserDetailsService - Usuario encontrado: quai - Rol: ADMIN - Activo: true
2025-08-29 19:29:18 [http-nio-8080-exec-2] DEBUG q.q.s.u.EmpleadoUserDetailsService - Usuario encontrado: quai - Rol: ADMIN - Activo: true
2025-08-29 19:29:18 [http-nio-8080-exec-1] DEBUG q.q.s.u.EmpleadoUserDetailsService - Autoridades asignadas a quai: [ROLE_ADMIN, PERMISSION_ADMIN_ALL, PERMISSION_MANAGE_EMPLOYEES, PERMISSION_MANAGE_SECTORS, PERMISSION_VIEW_STATISTICS, PERMISSION_MANAGE_CONFIGURATION, PERMISSION_MANAGE_MESSAGES, PERMISSION_MANAGE_SCHEDULES, PERMISSION_ATTEND_TURNS, PERMISSION_REDIRECT_TURNS, PERMISSION_VIEW_AUDIT]
2025-08-29 19:29:18 [http-nio-8080-exec-2] DEBUG q.q.s.u.EmpleadoUserDetailsService - Autoridades asignadas a quai: [ROLE_ADMIN, PERMISSION_ADMIN_ALL, PERMISSION_MANAGE_EMPLOYEES, PERMISSION_MANAGE_SECTORS, PERMISSION_VIEW_STATISTICS, PERMISSION_MANAGE_CONFIGURATION, PERMISSION_MANAGE_MESSAGES, PERMISSION_MANAGE_SCHEDULES, PERMISSION_ATTEND_TURNS, PERMISSION_REDIRECT_TURNS, PERMISSION_VIEW_AUDIT]
2025-08-29 19:29:18 [http-nio-8080-exec-2] DEBUG q.q.security.jwt.JwtRequestFilter - Autenticación establecida para usuario: quai
2025-08-29 19:29:18 [http-nio-8080-exec-1] DEBUG q.q.security.jwt.JwtRequestFilter - Autenticación establecida para usuario: quai
2025-08-29 19:29:18 [http-nio-8080-exec-1] DEBUG q.q.w.c.EstadisticaTurnoController - Obteniendo resumen de hoy
2025-08-29 19:29:18 [http-nio-8080-exec-2] DEBUG q.q.w.controllers.EmpleadoController - Obteniendo estadísticas de empleados
2025-08-29 19:29:18 [http-nio-8080-exec-1] DEBUG q.q.w.c.EstadisticaTurnoController - Obteniendo resumen diario para fecha 2025-08-29
2025-08-29 19:29:18 [http-nio-8080-exec-1] DEBUG q.q.s.i.EstadisticaTurnoServiceImpl - Consultando estadísticas generales entre 2025-08-29 y 2025-08-29
2025-08-29 19:29:18 [http-nio-8080-exec-1] DEBUG org.hibernate.SQL - 
    /* SELECT
        e 
    FROM
        EstadisticaTurno e 
    WHERE
        e.empleado IS NULL 
        AND e.fecha BETWEEN :fechaInicio AND :fechaFin 
    ORDER BY
        e.fecha DESC,
        e.sector.nombre ASC */ select
            et1_0.id,
            et1_0.cantidad_pico,
            et1_0.empleado_id,
            et1_0.fecha,
            et1_0.fecha_actualizacion,
            et1_0.hora_pico,
            et1_0.sector_id,
            et1_0.tiempo_maximo_espera,
            et1_0.tiempo_minimo_espera,
            et1_0.tiempo_promedio_atencion,
            et1_0.tiempo_promedio_espera,
            et1_0.tiempo_total_atencion,
            et1_0.turnos_atendidos,
            et1_0.turnos_ausentes,
            et1_0.turnos_cancelados,
            et1_0.turnos_generados,
            et1_0.turnos_redirigidos 
        from
            estadisticas_turnos et1_0 
        join
            sectores s1_0 
                on s1_0.id=et1_0.sector_id 
        where
            et1_0.empleado_id is null 
            and et1_0.fecha between ? and ? 
        order by
            et1_0.fecha desc,
            s1_0.nombre
2025-08-29 19:29:18 [http-nio-8080-exec-2] DEBUG org.hibernate.SQL - 
    /* <criteria> */ select
        e1_0.id,
        e1_0.activo,
        e1_0.apellido,
        e1_0.dni,
        e1_0.email,
        e1_0.fecha_actualizacion,
        e1_0.fecha_creacion,
        e1_0.nombre,
        e1_0.password,
        e1_0.rol,
        e1_0.sector_id,
        e1_0.ultimo_acceso,
        e1_0.username 
    from
        empleados e1_0
2025-08-29 19:29:18 [http-nio-8080-exec-5] DEBUG q.q.security.jwt.JwtRequestFilter - Token JWT procesado para usuario: quai
2025-08-29 19:29:18 [http-nio-8080-exec-9] DEBUG q.q.security.jwt.JwtRequestFilter - Token JWT procesado para usuario: quai
2025-08-29 19:29:18 [http-nio-8080-exec-5] DEBUG q.q.s.u.EmpleadoUserDetailsService - Cargando detalles del usuario: quai
2025-08-29 19:29:18 [http-nio-8080-exec-9] DEBUG q.q.s.u.EmpleadoUserDetailsService - Cargando detalles del usuario: quai
2025-08-29 19:29:18 [http-nio-8080-exec-9] DEBUG org.hibernate.SQL - 
    /* <criteria> */ select
        e1_0.id,
        e1_0.activo,
        e1_0.apellido,
        e1_0.dni,
        e1_0.email,
        e1_0.fecha_actualizacion,
        e1_0.fecha_creacion,
        e1_0.nombre,
        e1_0.password,
        e1_0.rol,
        e1_0.sector_id,
        e1_0.ultimo_acceso,
        e1_0.username 
    from
        empleados e1_0 
    where
        e1_0.username=?
2025-08-29 19:29:18 [http-nio-8080-exec-5] DEBUG org.hibernate.SQL - 
    /* <criteria> */ select
        e1_0.id,
        e1_0.activo,
        e1_0.apellido,
        e1_0.dni,
        e1_0.email,
        e1_0.fecha_actualizacion,
        e1_0.fecha_creacion,
        e1_0.nombre,
        e1_0.password,
        e1_0.rol,
        e1_0.sector_id,
        e1_0.ultimo_acceso,
        e1_0.username 
    from
        empleados e1_0 
    where
        e1_0.username=?
2025-08-29 19:29:18 [http-nio-8080-exec-5] DEBUG q.q.s.u.EmpleadoUserDetailsService - Usuario encontrado: quai - Rol: ADMIN - Activo: true
2025-08-29 19:29:18 [http-nio-8080-exec-9] DEBUG q.q.s.u.EmpleadoUserDetailsService - Usuario encontrado: quai - Rol: ADMIN - Activo: true
2025-08-29 19:29:18 [http-nio-8080-exec-5] DEBUG q.q.s.u.EmpleadoUserDetailsService - Autoridades asignadas a quai: [ROLE_ADMIN, PERMISSION_ADMIN_ALL, PERMISSION_MANAGE_EMPLOYEES, PERMISSION_MANAGE_SECTORS, PERMISSION_VIEW_STATISTICS, PERMISSION_MANAGE_CONFIGURATION, PERMISSION_MANAGE_MESSAGES, PERMISSION_MANAGE_SCHEDULES, PERMISSION_ATTEND_TURNS, PERMISSION_REDIRECT_TURNS, PERMISSION_VIEW_AUDIT]
2025-08-29 19:29:18 [http-nio-8080-exec-9] DEBUG q.q.s.u.EmpleadoUserDetailsService - Autoridades asignadas a quai: [ROLE_ADMIN, PERMISSION_ADMIN_ALL, PERMISSION_MANAGE_EMPLOYEES, PERMISSION_MANAGE_SECTORS, PERMISSION_VIEW_STATISTICS, PERMISSION_MANAGE_CONFIGURATION, PERMISSION_MANAGE_MESSAGES, PERMISSION_MANAGE_SCHEDULES, PERMISSION_ATTEND_TURNS, PERMISSION_REDIRECT_TURNS, PERMISSION_VIEW_AUDIT]
2025-08-29 19:29:18 [http-nio-8080-exec-9] DEBUG q.q.security.jwt.JwtRequestFilter - Autenticación establecida para usuario: quai
2025-08-29 19:29:18 [http-nio-8080-exec-5] DEBUG q.q.security.jwt.JwtRequestFilter - Autenticación establecida para usuario: quai
2025-08-29 19:29:18 [http-nio-8080-exec-9] DEBUG q.q.w.c.EstadisticaTurnoController - Obteniendo resumen de hoy
2025-08-29 19:29:18 [http-nio-8080-exec-5] DEBUG q.q.w.controllers.EmpleadoController - Obteniendo estadísticas de empleados
2025-08-29 19:29:18 [http-nio-8080-exec-9] DEBUG q.q.w.c.EstadisticaTurnoController - Obteniendo resumen diario para fecha 2025-08-29
2025-08-29 19:29:18 [http-nio-8080-exec-9] DEBUG q.q.s.i.EstadisticaTurnoServiceImpl - Consultando estadísticas generales entre 2025-08-29 y 2025-08-29
2025-08-29 19:29:18 [http-nio-8080-exec-9] DEBUG org.hibernate.SQL - 
    /* SELECT
        e 
    FROM
        EstadisticaTurno e 
    WHERE
        e.empleado IS NULL 
        AND e.fecha BETWEEN :fechaInicio AND :fechaFin 
    ORDER BY
        e.fecha DESC,
        e.sector.nombre ASC */ select
            et1_0.id,
            et1_0.cantidad_pico,
            et1_0.empleado_id,
            et1_0.fecha,
            et1_0.fecha_actualizacion,
            et1_0.hora_pico,
            et1_0.sector_id,
            et1_0.tiempo_maximo_espera,
            et1_0.tiempo_minimo_espera,
            et1_0.tiempo_promedio_atencion,
            et1_0.tiempo_promedio_espera,
            et1_0.tiempo_total_atencion,
            et1_0.turnos_atendidos,
            et1_0.turnos_ausentes,
            et1_0.turnos_cancelados,
            et1_0.turnos_generados,
            et1_0.turnos_redirigidos 
        from
            estadisticas_turnos et1_0 
        join
            sectores s1_0 
                on s1_0.id=et1_0.sector_id 
        where
            et1_0.empleado_id is null 
            and et1_0.fecha between ? and ? 
        order by
            et1_0.fecha desc,
            s1_0.nombre
2025-08-29 19:29:18 [http-nio-8080-exec-5] DEBUG org.hibernate.SQL - 
    /* <criteria> */ select
        e1_0.id,
        e1_0.activo,
        e1_0.apellido,
        e1_0.dni,
        e1_0.email,
        e1_0.fecha_actualizacion,
        e1_0.fecha_creacion,
        e1_0.nombre,
        e1_0.password,
        e1_0.rol,
        e1_0.sector_id,
        e1_0.ultimo_acceso,
        e1_0.username 
    from
        empleados e1_0
2025-08-29 19:29:27 [http-nio-8080-exec-8] DEBUG q.q.security.jwt.JwtRequestFilter - Token JWT procesado para usuario: quai
2025-08-29 19:29:27 [http-nio-8080-exec-8] DEBUG q.q.s.u.EmpleadoUserDetailsService - Cargando detalles del usuario: quai
2025-08-29 19:29:27 [http-nio-8080-exec-10] DEBUG q.q.security.jwt.JwtRequestFilter - Token JWT procesado para usuario: quai
2025-08-29 19:29:27 [http-nio-8080-exec-8] DEBUG org.hibernate.SQL - 
    /* <criteria> */ select
        e1_0.id,
        e1_0.activo,
        e1_0.apellido,
        e1_0.dni,
        e1_0.email,
        e1_0.fecha_actualizacion,
        e1_0.fecha_creacion,
        e1_0.nombre,
        e1_0.password,
        e1_0.rol,
        e1_0.sector_id,
        e1_0.ultimo_acceso,
        e1_0.username 
    from
        empleados e1_0 
    where
        e1_0.username=?
2025-08-29 19:29:27 [http-nio-8080-exec-10] DEBUG q.q.s.u.EmpleadoUserDetailsService - Cargando detalles del usuario: quai
2025-08-29 19:29:27 [http-nio-8080-exec-10] DEBUG org.hibernate.SQL - 
    /* <criteria> */ select
        e1_0.id,
        e1_0.activo,
        e1_0.apellido,
        e1_0.dni,
        e1_0.email,
        e1_0.fecha_actualizacion,
        e1_0.fecha_creacion,
        e1_0.nombre,
        e1_0.password,
        e1_0.rol,
        e1_0.sector_id,
        e1_0.ultimo_acceso,
        e1_0.username 
    from
        empleados e1_0 
    where
        e1_0.username=?
2025-08-29 19:29:27 [http-nio-8080-exec-8] DEBUG q.q.s.u.EmpleadoUserDetailsService - Usuario encontrado: quai - Rol: ADMIN - Activo: true
2025-08-29 19:29:27 [http-nio-8080-exec-8] DEBUG q.q.s.u.EmpleadoUserDetailsService - Autoridades asignadas a quai: [ROLE_ADMIN, PERMISSION_ADMIN_ALL, PERMISSION_MANAGE_EMPLOYEES, PERMISSION_MANAGE_SECTORS, PERMISSION_VIEW_STATISTICS, PERMISSION_MANAGE_CONFIGURATION, PERMISSION_MANAGE_MESSAGES, PERMISSION_MANAGE_SCHEDULES, PERMISSION_ATTEND_TURNS, PERMISSION_REDIRECT_TURNS, PERMISSION_VIEW_AUDIT]
2025-08-29 19:29:27 [http-nio-8080-exec-10] DEBUG q.q.s.u.EmpleadoUserDetailsService - Usuario encontrado: quai - Rol: ADMIN - Activo: true
2025-08-29 19:29:27 [http-nio-8080-exec-10] DEBUG q.q.s.u.EmpleadoUserDetailsService - Autoridades asignadas a quai: [ROLE_ADMIN, PERMISSION_ADMIN_ALL, PERMISSION_MANAGE_EMPLOYEES, PERMISSION_MANAGE_SECTORS, PERMISSION_VIEW_STATISTICS, PERMISSION_MANAGE_CONFIGURATION, PERMISSION_MANAGE_MESSAGES, PERMISSION_MANAGE_SCHEDULES, PERMISSION_ATTEND_TURNS, PERMISSION_REDIRECT_TURNS, PERMISSION_VIEW_AUDIT]
2025-08-29 19:29:27 [http-nio-8080-exec-8] DEBUG q.q.security.jwt.JwtRequestFilter - Autenticación establecida para usuario: quai
2025-08-29 19:29:27 [http-nio-8080-exec-10] DEBUG q.q.security.jwt.JwtRequestFilter - Autenticación establecida para usuario: quai
2025-08-29 19:29:27 [http-nio-8080-exec-8] DEBUG q.q.w.controllers.EmpleadoController - Obteniendo estadísticas de empleados
2025-08-29 19:29:27 [http-nio-8080-exec-8] DEBUG org.hibernate.SQL - 
    /* <criteria> */ select
        e1_0.id,
        e1_0.activo,
        e1_0.apellido,
        e1_0.dni,
        e1_0.email,
        e1_0.fecha_actualizacion,
        e1_0.fecha_creacion,
        e1_0.nombre,
        e1_0.password,
        e1_0.rol,
        e1_0.sector_id,
        e1_0.ultimo_acceso,
        e1_0.username 
    from
        empleados e1_0
2025-08-29 19:29:27 [http-nio-8080-exec-10] DEBUG q.q.w.controllers.EmpleadoController - Listando todos los empleados
2025-08-29 19:29:27 [http-nio-8080-exec-10] DEBUG org.hibernate.SQL - 
    /* <criteria> */ select
        e1_0.id,
        e1_0.activo,
        e1_0.apellido,
        e1_0.dni,
        e1_0.email,
        e1_0.fecha_actualizacion,
        e1_0.fecha_creacion,
        e1_0.nombre,
        e1_0.password,
        e1_0.rol,
        e1_0.sector_id,
        e1_0.ultimo_acceso,
        e1_0.username 
    from
        empleados e1_0
2025-08-29 19:29:27 [http-nio-8080-exec-3] DEBUG q.q.security.jwt.JwtRequestFilter - Token JWT procesado para usuario: quai
2025-08-29 19:29:27 [http-nio-8080-exec-3] DEBUG q.q.s.u.EmpleadoUserDetailsService - Cargando detalles del usuario: quai
2025-08-29 19:29:27 [http-nio-8080-exec-3] DEBUG org.hibernate.SQL - 
    /* <criteria> */ select
        e1_0.id,
        e1_0.activo,
        e1_0.apellido,
        e1_0.dni,
        e1_0.email,
        e1_0.fecha_actualizacion,
        e1_0.fecha_creacion,
        e1_0.nombre,
        e1_0.password,
        e1_0.rol,
        e1_0.sector_id,
        e1_0.ultimo_acceso,
        e1_0.username 
    from
        empleados e1_0 
    where
        e1_0.username=?
2025-08-29 19:29:27 [http-nio-8080-exec-10] DEBUG org.hibernate.SQL - 
    select
        s1_0.id,
        s1_0.activo,
        s1_0.capacidad_maxima,
        s1_0.codigo,
        s1_0.color,
        s1_0.descripcion,
        s1_0.fecha_actualizacion,
        s1_0.fecha_creacion,
        s1_0.nombre,
        s1_0.observaciones,
        s1_0.orden_visualizacion,
        s1_0.requiere_cita_previa,
        s1_0.responsable_id,
        s1_0.tiempo_estimado_atencion,
        s1_0.tipo_sector 
    from
        sectores s1_0 
    where
        s1_0.id=?
2025-08-29 19:29:27 [http-nio-8080-exec-3] DEBUG q.q.s.u.EmpleadoUserDetailsService - Usuario encontrado: quai - Rol: ADMIN - Activo: true
2025-08-29 19:29:27 [http-nio-8080-exec-3] DEBUG q.q.s.u.EmpleadoUserDetailsService - Autoridades asignadas a quai: [ROLE_ADMIN, PERMISSION_ADMIN_ALL, PERMISSION_MANAGE_EMPLOYEES, PERMISSION_MANAGE_SECTORS, PERMISSION_VIEW_STATISTICS, PERMISSION_MANAGE_CONFIGURATION, PERMISSION_MANAGE_MESSAGES, PERMISSION_MANAGE_SCHEDULES, PERMISSION_ATTEND_TURNS, PERMISSION_REDIRECT_TURNS, PERMISSION_VIEW_AUDIT]
2025-08-29 19:29:27 [http-nio-8080-exec-3] DEBUG q.q.security.jwt.JwtRequestFilter - Autenticación establecida para usuario: quai
2025-08-29 19:29:27 [http-nio-8080-exec-3] DEBUG q.q.w.controllers.EmpleadoController - Obteniendo estadísticas de empleados
2025-08-29 19:29:27 [http-nio-8080-exec-3] DEBUG org.hibernate.SQL - 
    /* <criteria> */ select
        e1_0.id,
        e1_0.activo,
        e1_0.apellido,
        e1_0.dni,
        e1_0.email,
        e1_0.fecha_actualizacion,
        e1_0.fecha_creacion,
        e1_0.nombre,
        e1_0.password,
        e1_0.rol,
        e1_0.sector_id,
        e1_0.ultimo_acceso,
        e1_0.username 
    from
        empleados e1_0
2025-08-29 19:29:27 [http-nio-8080-exec-10] DEBUG org.hibernate.SQL - 
    select
        sr1_0.responsable_id,
        sr1_0.id,
        sr1_0.activo,
        sr1_0.capacidad_maxima,
        sr1_0.codigo,
        sr1_0.color,
        sr1_0.descripcion,
        sr1_0.fecha_actualizacion,
        sr1_0.fecha_creacion,
        sr1_0.nombre,
        sr1_0.observaciones,
        sr1_0.orden_visualizacion,
        sr1_0.requiere_cita_previa,
        sr1_0.tiempo_estimado_atencion,
        sr1_0.tipo_sector 
    from
        sectores sr1_0 
    where
        sr1_0.responsable_id=?
2025-08-29 19:29:27 [http-nio-8080-exec-10] DEBUG org.hibernate.SQL - 
    select
        ta1_0.empleado_atencion_id,
        ta1_0.id,
        ta1_0.ciudadano_id,
        ta1_0.codigo,
        ta1_0.estado,
        ta1_0.fecha_actualizacion,
        ta1_0.fecha_cita,
        ta1_0.fecha_hora_atencion,
        ta1_0.fecha_hora_finalizacion,
        ta1_0.fecha_hora_generacion,
        ta1_0.fecha_hora_llamado,
        ta1_0.hora_cita,
        ta1_0.motivo_redireccion,
        ta1_0.numero_orden,
        ta1_0.observaciones,
        ta1_0.prioridad,
        ta1_0.sector_id,
        ta1_0.sector_original_id,
        ta1_0.tipo 
    from
        turnos ta1_0 
    where
        ta1_0.empleado_atencion_id=?
2025-08-29 19:29:27 [http-nio-8080-exec-10] DEBUG org.hibernate.SQL - 
    select
        ta1_0.empleado_atencion_id,
        ta1_0.id,
        ta1_0.ciudadano_id,
        ta1_0.codigo,
        ta1_0.estado,
        ta1_0.fecha_actualizacion,
        ta1_0.fecha_cita,
        ta1_0.fecha_hora_atencion,
        ta1_0.fecha_hora_finalizacion,
        ta1_0.fecha_hora_generacion,
        ta1_0.fecha_hora_llamado,
        ta1_0.hora_cita,
        ta1_0.motivo_redireccion,
        ta1_0.numero_orden,
        ta1_0.observaciones,
        ta1_0.prioridad,
        ta1_0.sector_id,
        ta1_0.sector_original_id,
        ta1_0.tipo 
    from
        turnos ta1_0 
    where
        ta1_0.empleado_atencion_id=?
2025-08-29 19:29:27 [http-nio-8080-exec-10] DEBUG org.hibernate.SQL - 
    select
        s1_0.id,
        s1_0.activo,
        s1_0.capacidad_maxima,
        s1_0.codigo,
        s1_0.color,
        s1_0.descripcion,
        s1_0.fecha_actualizacion,
        s1_0.fecha_creacion,
        s1_0.nombre,
        s1_0.observaciones,
        s1_0.orden_visualizacion,
        s1_0.requiere_cita_previa,
        s1_0.responsable_id,
        s1_0.tiempo_estimado_atencion,
        s1_0.tipo_sector 
    from
        sectores s1_0 
    where
        s1_0.id=?
2025-08-29 19:29:27 [http-nio-8080-exec-10] DEBUG org.hibernate.SQL - 
    select
        sr1_0.responsable_id,
        sr1_0.id,
        sr1_0.activo,
        sr1_0.capacidad_maxima,
        sr1_0.codigo,
        sr1_0.color,
        sr1_0.descripcion,
        sr1_0.fecha_actualizacion,
        sr1_0.fecha_creacion,
        sr1_0.nombre,
        sr1_0.observaciones,
        sr1_0.orden_visualizacion,
        sr1_0.requiere_cita_previa,
        sr1_0.tiempo_estimado_atencion,
        sr1_0.tipo_sector 
    from
        sectores sr1_0 
    where
        sr1_0.responsable_id=?
2025-08-29 19:29:27 [http-nio-8080-exec-10] DEBUG org.hibernate.SQL - 
    select
        ta1_0.empleado_atencion_id,
        ta1_0.id,
        ta1_0.ciudadano_id,
        ta1_0.codigo,
        ta1_0.estado,
        ta1_0.fecha_actualizacion,
        ta1_0.fecha_cita,
        ta1_0.fecha_hora_atencion,
        ta1_0.fecha_hora_finalizacion,
        ta1_0.fecha_hora_generacion,
        ta1_0.fecha_hora_llamado,
        ta1_0.hora_cita,
        ta1_0.motivo_redireccion,
        ta1_0.numero_orden,
        ta1_0.observaciones,
        ta1_0.prioridad,
        ta1_0.sector_id,
        ta1_0.sector_original_id,
        ta1_0.tipo 
    from
        turnos ta1_0 
    where
        ta1_0.empleado_atencion_id=?
2025-08-29 19:29:27 [http-nio-8080-exec-10] DEBUG org.hibernate.SQL - 
    select
        ta1_0.empleado_atencion_id,
        ta1_0.id,
        ta1_0.ciudadano_id,
        ta1_0.codigo,
        ta1_0.estado,
        ta1_0.fecha_actualizacion,
        ta1_0.fecha_cita,
        ta1_0.fecha_hora_atencion,
        ta1_0.fecha_hora_finalizacion,
        ta1_0.fecha_hora_generacion,
        ta1_0.fecha_hora_llamado,
        ta1_0.hora_cita,
        ta1_0.motivo_redireccion,
        ta1_0.numero_orden,
        ta1_0.observaciones,
        ta1_0.prioridad,
        ta1_0.sector_id,
        ta1_0.sector_original_id,
        ta1_0.tipo 
    from
        turnos ta1_0 
    where
        ta1_0.empleado_atencion_id=?
2025-08-29 19:29:27 [http-nio-8080-exec-4] DEBUG q.q.security.jwt.JwtRequestFilter - Token JWT procesado para usuario: quai
2025-08-29 19:29:27 [http-nio-8080-exec-4] DEBUG q.q.s.u.EmpleadoUserDetailsService - Cargando detalles del usuario: quai
2025-08-29 19:29:27 [http-nio-8080-exec-4] DEBUG org.hibernate.SQL - 
    /* <criteria> */ select
        e1_0.id,
        e1_0.activo,
        e1_0.apellido,
        e1_0.dni,
        e1_0.email,
        e1_0.fecha_actualizacion,
        e1_0.fecha_creacion,
        e1_0.nombre,
        e1_0.password,
        e1_0.rol,
        e1_0.sector_id,
        e1_0.ultimo_acceso,
        e1_0.username 
    from
        empleados e1_0 
    where
        e1_0.username=?
2025-08-29 19:29:27 [http-nio-8080-exec-4] DEBUG q.q.s.u.EmpleadoUserDetailsService - Usuario encontrado: quai - Rol: ADMIN - Activo: true
2025-08-29 19:29:27 [http-nio-8080-exec-4] DEBUG q.q.s.u.EmpleadoUserDetailsService - Autoridades asignadas a quai: [ROLE_ADMIN, PERMISSION_ADMIN_ALL, PERMISSION_MANAGE_EMPLOYEES, PERMISSION_MANAGE_SECTORS, PERMISSION_VIEW_STATISTICS, PERMISSION_MANAGE_CONFIGURATION, PERMISSION_MANAGE_MESSAGES, PERMISSION_MANAGE_SCHEDULES, PERMISSION_ATTEND_TURNS, PERMISSION_REDIRECT_TURNS, PERMISSION_VIEW_AUDIT]
2025-08-29 19:29:27 [http-nio-8080-exec-4] DEBUG q.q.security.jwt.JwtRequestFilter - Autenticación establecida para usuario: quai
2025-08-29 19:29:27 [http-nio-8080-exec-4] DEBUG q.q.w.controllers.EmpleadoController - Listando todos los empleados
2025-08-29 19:29:27 [http-nio-8080-exec-4] DEBUG org.hibernate.SQL - 
    /* <criteria> */ select
        e1_0.id,
        e1_0.activo,
        e1_0.apellido,
        e1_0.dni,
        e1_0.email,
        e1_0.fecha_actualizacion,
        e1_0.fecha_creacion,
        e1_0.nombre,
        e1_0.password,
        e1_0.rol,
        e1_0.sector_id,
        e1_0.ultimo_acceso,
        e1_0.username 
    from
        empleados e1_0
2025-08-29 19:29:27 [http-nio-8080-exec-4] DEBUG org.hibernate.SQL - 
    select
        s1_0.id,
        s1_0.activo,
        s1_0.capacidad_maxima,
        s1_0.codigo,
        s1_0.color,
        s1_0.descripcion,
        s1_0.fecha_actualizacion,
        s1_0.fecha_creacion,
        s1_0.nombre,
        s1_0.observaciones,
        s1_0.orden_visualizacion,
        s1_0.requiere_cita_previa,
        s1_0.responsable_id,
        s1_0.tiempo_estimado_atencion,
        s1_0.tipo_sector 
    from
        sectores s1_0 
    where
        s1_0.id=?
2025-08-29 19:29:27 [http-nio-8080-exec-4] DEBUG org.hibernate.SQL - 
    select
        sr1_0.responsable_id,
        sr1_0.id,
        sr1_0.activo,
        sr1_0.capacidad_maxima,
        sr1_0.codigo,
        sr1_0.color,
        sr1_0.descripcion,
        sr1_0.fecha_actualizacion,
        sr1_0.fecha_creacion,
        sr1_0.nombre,
        sr1_0.observaciones,
        sr1_0.orden_visualizacion,
        sr1_0.requiere_cita_previa,
        sr1_0.tiempo_estimado_atencion,
        sr1_0.tipo_sector 
    from
        sectores sr1_0 
    where
        sr1_0.responsable_id=?
2025-08-29 19:29:27 [http-nio-8080-exec-4] DEBUG org.hibernate.SQL - 
    select
        ta1_0.empleado_atencion_id,
        ta1_0.id,
        ta1_0.ciudadano_id,
        ta1_0.codigo,
        ta1_0.estado,
        ta1_0.fecha_actualizacion,
        ta1_0.fecha_cita,
        ta1_0.fecha_hora_atencion,
        ta1_0.fecha_hora_finalizacion,
        ta1_0.fecha_hora_generacion,
        ta1_0.fecha_hora_llamado,
        ta1_0.hora_cita,
        ta1_0.motivo_redireccion,
        ta1_0.numero_orden,
        ta1_0.observaciones,
        ta1_0.prioridad,
        ta1_0.sector_id,
        ta1_0.sector_original_id,
        ta1_0.tipo 
    from
        turnos ta1_0 
    where
        ta1_0.empleado_atencion_id=?
2025-08-29 19:29:27 [http-nio-8080-exec-4] DEBUG org.hibernate.SQL - 
    select
        ta1_0.empleado_atencion_id,
        ta1_0.id,
        ta1_0.ciudadano_id,
        ta1_0.codigo,
        ta1_0.estado,
        ta1_0.fecha_actualizacion,
        ta1_0.fecha_cita,
        ta1_0.fecha_hora_atencion,
        ta1_0.fecha_hora_finalizacion,
        ta1_0.fecha_hora_generacion,
        ta1_0.fecha_hora_llamado,
        ta1_0.hora_cita,
        ta1_0.motivo_redireccion,
        ta1_0.numero_orden,
        ta1_0.observaciones,
        ta1_0.prioridad,
        ta1_0.sector_id,
        ta1_0.sector_original_id,
        ta1_0.tipo 
    from
        turnos ta1_0 
    where
        ta1_0.empleado_atencion_id=?
2025-08-29 19:29:27 [http-nio-8080-exec-4] DEBUG org.hibernate.SQL - 
    select
        s1_0.id,
        s1_0.activo,
        s1_0.capacidad_maxima,
        s1_0.codigo,
        s1_0.color,
        s1_0.descripcion,
        s1_0.fecha_actualizacion,
        s1_0.fecha_creacion,
        s1_0.nombre,
        s1_0.observaciones,
        s1_0.orden_visualizacion,
        s1_0.requiere_cita_previa,
        s1_0.responsable_id,
        s1_0.tiempo_estimado_atencion,
        s1_0.tipo_sector 
    from
        sectores s1_0 
    where
        s1_0.id=?
2025-08-29 19:29:27 [http-nio-8080-exec-4] DEBUG org.hibernate.SQL - 
    select
        sr1_0.responsable_id,
        sr1_0.id,
        sr1_0.activo,
        sr1_0.capacidad_maxima,
        sr1_0.codigo,
        sr1_0.color,
        sr1_0.descripcion,
        sr1_0.fecha_actualizacion,
        sr1_0.fecha_creacion,
        sr1_0.nombre,
        sr1_0.observaciones,
        sr1_0.orden_visualizacion,
        sr1_0.requiere_cita_previa,
        sr1_0.tiempo_estimado_atencion,
        sr1_0.tipo_sector 
    from
        sectores sr1_0 
    where
        sr1_0.responsable_id=?
2025-08-29 19:29:27 [http-nio-8080-exec-4] DEBUG org.hibernate.SQL - 
    select
        ta1_0.empleado_atencion_id,
        ta1_0.id,
        ta1_0.ciudadano_id,
        ta1_0.codigo,
        ta1_0.estado,
        ta1_0.fecha_actualizacion,
        ta1_0.fecha_cita,
        ta1_0.fecha_hora_atencion,
        ta1_0.fecha_hora_finalizacion,
        ta1_0.fecha_hora_generacion,
        ta1_0.fecha_hora_llamado,
        ta1_0.hora_cita,
        ta1_0.motivo_redireccion,
        ta1_0.numero_orden,
        ta1_0.observaciones,
        ta1_0.prioridad,
        ta1_0.sector_id,
        ta1_0.sector_original_id,
        ta1_0.tipo 
    from
        turnos ta1_0 
    where
        ta1_0.empleado_atencion_id=?
2025-08-29 19:29:27 [http-nio-8080-exec-4] DEBUG org.hibernate.SQL - 
    select
        ta1_0.empleado_atencion_id,
        ta1_0.id,
        ta1_0.ciudadano_id,
        ta1_0.codigo,
        ta1_0.estado,
        ta1_0.fecha_actualizacion,
        ta1_0.fecha_cita,
        ta1_0.fecha_hora_atencion,
        ta1_0.fecha_hora_finalizacion,
        ta1_0.fecha_hora_generacion,
        ta1_0.fecha_hora_llamado,
        ta1_0.hora_cita,
        ta1_0.motivo_redireccion,
        ta1_0.numero_orden,
        ta1_0.observaciones,
        ta1_0.prioridad,
        ta1_0.sector_id,
        ta1_0.sector_original_id,
        ta1_0.tipo 
    from
        turnos ta1_0 
    where
        ta1_0.empleado_atencion_id=?
2025-08-29 19:29:36 [http-nio-8080-exec-9] DEBUG q.q.security.jwt.JwtRequestFilter - Token JWT procesado para usuario: quai
2025-08-29 19:29:36 [http-nio-8080-exec-9] DEBUG q.q.s.u.EmpleadoUserDetailsService - Cargando detalles del usuario: quai
2025-08-29 19:29:36 [http-nio-8080-exec-9] DEBUG org.hibernate.SQL - 
    /* <criteria> */ select
        e1_0.id,
        e1_0.activo,
        e1_0.apellido,
        e1_0.dni,
        e1_0.email,
        e1_0.fecha_actualizacion,
        e1_0.fecha_creacion,
        e1_0.nombre,
        e1_0.password,
        e1_0.rol,
        e1_0.sector_id,
        e1_0.ultimo_acceso,
        e1_0.username 
    from
        empleados e1_0 
    where
        e1_0.username=?
2025-08-29 19:29:36 [http-nio-8080-exec-9] DEBUG q.q.s.u.EmpleadoUserDetailsService - Usuario encontrado: quai - Rol: ADMIN - Activo: true
2025-08-29 19:29:36 [http-nio-8080-exec-9] DEBUG q.q.s.u.EmpleadoUserDetailsService - Autoridades asignadas a quai: [ROLE_ADMIN, PERMISSION_ADMIN_ALL, PERMISSION_MANAGE_EMPLOYEES, PERMISSION_MANAGE_SECTORS, PERMISSION_VIEW_STATISTICS, PERMISSION_MANAGE_CONFIGURATION, PERMISSION_MANAGE_MESSAGES, PERMISSION_MANAGE_SCHEDULES, PERMISSION_ATTEND_TURNS, PERMISSION_REDIRECT_TURNS, PERMISSION_VIEW_AUDIT]
2025-08-29 19:29:36 [http-nio-8080-exec-9] DEBUG q.q.security.jwt.JwtRequestFilter - Autenticación establecida para usuario: quai
2025-08-29 19:29:36 [http-nio-8080-exec-9] DEBUG q.q.w.c.CiudadanoController - Listando todos los ciudadanos
2025-08-29 19:29:36 [http-nio-8080-exec-9] DEBUG q.q.s.impl.CiudadanoServiceImpl - Listando todos los ciudadanos
2025-08-29 19:29:36 [http-nio-8080-exec-9] DEBUG org.hibernate.SQL - 
    /* <criteria> */ select
        c1_0.id,
        c1_0.apellido,
        c1_0.direccion,
        c1_0.dni,
        c1_0.es_prioritario,
        c1_0.fecha_actualizacion,
        c1_0.fecha_registro,
        c1_0.motivo_prioridad,
        c1_0.nombre,
        c1_0.observaciones,
        c1_0.telefono 
    from
        ciudadanos c1_0 
    order by
        c1_0.apellido,
        c1_0.nombre
2025-08-29 19:29:36 [http-nio-8080-exec-9] DEBUG org.hibernate.SQL - 
    select
        t1_0.ciudadano_id,
        t1_0.id,
        t1_0.codigo,
        t1_0.empleado_atencion_id,
        t1_0.estado,
        t1_0.fecha_actualizacion,
        t1_0.fecha_cita,
        t1_0.fecha_hora_atencion,
        t1_0.fecha_hora_finalizacion,
        t1_0.fecha_hora_generacion,
        t1_0.fecha_hora_llamado,
        t1_0.hora_cita,
        t1_0.motivo_redireccion,
        t1_0.numero_orden,
        t1_0.observaciones,
        t1_0.prioridad,
        t1_0.sector_id,
        t1_0.sector_original_id,
        t1_0.tipo 
    from
        turnos t1_0 
    where
        t1_0.ciudadano_id=?
2025-08-29 19:29:36 [http-nio-8080-exec-9] DEBUG org.hibernate.SQL - 
    select
        t1_0.ciudadano_id,
        t1_0.id,
        t1_0.codigo,
        t1_0.empleado_atencion_id,
        t1_0.estado,
        t1_0.fecha_actualizacion,
        t1_0.fecha_cita,
        t1_0.fecha_hora_atencion,
        t1_0.fecha_hora_finalizacion,
        t1_0.fecha_hora_generacion,
        t1_0.fecha_hora_llamado,
        t1_0.hora_cita,
        t1_0.motivo_redireccion,
        t1_0.numero_orden,
        t1_0.observaciones,
        t1_0.prioridad,
        t1_0.sector_id,
        t1_0.sector_original_id,
        t1_0.tipo 
    from
        turnos t1_0 
    where
        t1_0.ciudadano_id=?
2025-08-29 19:29:36 [http-nio-8080-exec-9] DEBUG org.hibernate.SQL - 
    /* SELECT
        t 
    FROM
        Turno t 
    WHERE
        t.ciudadano.id = :ciudadanoId 
        AND t.estado IN ('GENERADO', 'LLAMADO', 'EN_ATENCION', 'REDIRIGIDO') */ select
            t1_0.id,
            t1_0.ciudadano_id,
            t1_0.codigo,
            t1_0.empleado_atencion_id,
            t1_0.estado,
            t1_0.fecha_actualizacion,
            t1_0.fecha_cita,
            t1_0.fecha_hora_atencion,
            t1_0.fecha_hora_finalizacion,
            t1_0.fecha_hora_generacion,
            t1_0.fecha_hora_llamado,
            t1_0.hora_cita,
            t1_0.motivo_redireccion,
            t1_0.numero_orden,
            t1_0.observaciones,
            t1_0.prioridad,
            t1_0.sector_id,
            t1_0.sector_original_id,
            t1_0.tipo 
        from
            turnos t1_0 
        where
            t1_0.ciudadano_id=? 
            and t1_0.estado in ('GENERADO', 'LLAMADO', 'EN_ATENCION', 'REDIRIGIDO')
2025-08-29 19:29:36 [http-nio-8080-exec-9] DEBUG org.hibernate.SQL - 
    /* SELECT
        t 
    FROM
        Turno t 
    WHERE
        t.ciudadano.id = :ciudadanoId 
        AND t.estado IN ('GENERADO', 'LLAMADO', 'EN_ATENCION', 'REDIRIGIDO') */ select
            t1_0.id,
            t1_0.ciudadano_id,
            t1_0.codigo,
            t1_0.empleado_atencion_id,
            t1_0.estado,
            t1_0.fecha_actualizacion,
            t1_0.fecha_cita,
            t1_0.fecha_hora_atencion,
            t1_0.fecha_hora_finalizacion,
            t1_0.fecha_hora_generacion,
            t1_0.fecha_hora_llamado,
            t1_0.hora_cita,
            t1_0.motivo_redireccion,
            t1_0.numero_orden,
            t1_0.observaciones,
            t1_0.prioridad,
            t1_0.sector_id,
            t1_0.sector_original_id,
            t1_0.tipo 
        from
            turnos t1_0 
        where
            t1_0.ciudadano_id=? 
            and t1_0.estado in ('GENERADO', 'LLAMADO', 'EN_ATENCION', 'REDIRIGIDO')
2025-08-29 19:29:36 [http-nio-8080-exec-5] DEBUG q.q.security.jwt.JwtRequestFilter - Token JWT procesado para usuario: quai
2025-08-29 19:29:36 [http-nio-8080-exec-5] DEBUG q.q.s.u.EmpleadoUserDetailsService - Cargando detalles del usuario: quai
2025-08-29 19:29:36 [http-nio-8080-exec-5] DEBUG org.hibernate.SQL - 
    /* <criteria> */ select
        e1_0.id,
        e1_0.activo,
        e1_0.apellido,
        e1_0.dni,
        e1_0.email,
        e1_0.fecha_actualizacion,
        e1_0.fecha_creacion,
        e1_0.nombre,
        e1_0.password,
        e1_0.rol,
        e1_0.sector_id,
        e1_0.ultimo_acceso,
        e1_0.username 
    from
        empleados e1_0 
    where
        e1_0.username=?
2025-08-29 19:29:36 [http-nio-8080-exec-5] DEBUG q.q.s.u.EmpleadoUserDetailsService - Usuario encontrado: quai - Rol: ADMIN - Activo: true
2025-08-29 19:29:36 [http-nio-8080-exec-5] DEBUG q.q.s.u.EmpleadoUserDetailsService - Autoridades asignadas a quai: [ROLE_ADMIN, PERMISSION_ADMIN_ALL, PERMISSION_MANAGE_EMPLOYEES, PERMISSION_MANAGE_SECTORS, PERMISSION_VIEW_STATISTICS, PERMISSION_MANAGE_CONFIGURATION, PERMISSION_MANAGE_MESSAGES, PERMISSION_MANAGE_SCHEDULES, PERMISSION_ATTEND_TURNS, PERMISSION_REDIRECT_TURNS, PERMISSION_VIEW_AUDIT]
2025-08-29 19:29:36 [http-nio-8080-exec-5] DEBUG q.q.security.jwt.JwtRequestFilter - Autenticación establecida para usuario: quai
2025-08-29 19:29:36 [http-nio-8080-exec-5] DEBUG q.q.w.c.CiudadanoController - Listando todos los ciudadanos
2025-08-29 19:29:36 [http-nio-8080-exec-5] DEBUG q.q.s.impl.CiudadanoServiceImpl - Listando todos los ciudadanos
2025-08-29 19:29:36 [http-nio-8080-exec-5] DEBUG org.hibernate.SQL - 
    /* <criteria> */ select
        c1_0.id,
        c1_0.apellido,
        c1_0.direccion,
        c1_0.dni,
        c1_0.es_prioritario,
        c1_0.fecha_actualizacion,
        c1_0.fecha_registro,
        c1_0.motivo_prioridad,
        c1_0.nombre,
        c1_0.observaciones,
        c1_0.telefono 
    from
        ciudadanos c1_0 
    order by
        c1_0.apellido,
        c1_0.nombre
2025-08-29 19:29:36 [http-nio-8080-exec-5] DEBUG org.hibernate.SQL - 
    select
        t1_0.ciudadano_id,
        t1_0.id,
        t1_0.codigo,
        t1_0.empleado_atencion_id,
        t1_0.estado,
        t1_0.fecha_actualizacion,
        t1_0.fecha_cita,
        t1_0.fecha_hora_atencion,
        t1_0.fecha_hora_finalizacion,
        t1_0.fecha_hora_generacion,
        t1_0.fecha_hora_llamado,
        t1_0.hora_cita,
        t1_0.motivo_redireccion,
        t1_0.numero_orden,
        t1_0.observaciones,
        t1_0.prioridad,
        t1_0.sector_id,
        t1_0.sector_original_id,
        t1_0.tipo 
    from
        turnos t1_0 
    where
        t1_0.ciudadano_id=?
2025-08-29 19:29:36 [http-nio-8080-exec-5] DEBUG org.hibernate.SQL - 
    select
        t1_0.ciudadano_id,
        t1_0.id,
        t1_0.codigo,
        t1_0.empleado_atencion_id,
        t1_0.estado,
        t1_0.fecha_actualizacion,
        t1_0.fecha_cita,
        t1_0.fecha_hora_atencion,
        t1_0.fecha_hora_finalizacion,
        t1_0.fecha_hora_generacion,
        t1_0.fecha_hora_llamado,
        t1_0.hora_cita,
        t1_0.motivo_redireccion,
        t1_0.numero_orden,
        t1_0.observaciones,
        t1_0.prioridad,
        t1_0.sector_id,
        t1_0.sector_original_id,
        t1_0.tipo 
    from
        turnos t1_0 
    where
        t1_0.ciudadano_id=?
2025-08-29 19:29:37 [http-nio-8080-exec-5] DEBUG org.hibernate.SQL - 
    /* SELECT
        t 
    FROM
        Turno t 
    WHERE
        t.ciudadano.id = :ciudadanoId 
        AND t.estado IN ('GENERADO', 'LLAMADO', 'EN_ATENCION', 'REDIRIGIDO') */ select
            t1_0.id,
            t1_0.ciudadano_id,
            t1_0.codigo,
            t1_0.empleado_atencion_id,
            t1_0.estado,
            t1_0.fecha_actualizacion,
            t1_0.fecha_cita,
            t1_0.fecha_hora_atencion,
            t1_0.fecha_hora_finalizacion,
            t1_0.fecha_hora_generacion,
            t1_0.fecha_hora_llamado,
            t1_0.hora_cita,
            t1_0.motivo_redireccion,
            t1_0.numero_orden,
            t1_0.observaciones,
            t1_0.prioridad,
            t1_0.sector_id,
            t1_0.sector_original_id,
            t1_0.tipo 
        from
            turnos t1_0 
        where
            t1_0.ciudadano_id=? 
            and t1_0.estado in ('GENERADO', 'LLAMADO', 'EN_ATENCION', 'REDIRIGIDO')
2025-08-29 19:29:37 [http-nio-8080-exec-5] DEBUG org.hibernate.SQL - 
    /* SELECT
        t 
    FROM
        Turno t 
    WHERE
        t.ciudadano.id = :ciudadanoId 
        AND t.estado IN ('GENERADO', 'LLAMADO', 'EN_ATENCION', 'REDIRIGIDO') */ select
            t1_0.id,
            t1_0.ciudadano_id,
            t1_0.codigo,
            t1_0.empleado_atencion_id,
            t1_0.estado,
            t1_0.fecha_actualizacion,
            t1_0.fecha_cita,
            t1_0.fecha_hora_atencion,
            t1_0.fecha_hora_finalizacion,
            t1_0.fecha_hora_generacion,
            t1_0.fecha_hora_llamado,
            t1_0.hora_cita,
            t1_0.motivo_redireccion,
            t1_0.numero_orden,
            t1_0.observaciones,
            t1_0.prioridad,
            t1_0.sector_id,
            t1_0.sector_original_id,
            t1_0.tipo 
        from
            turnos t1_0 
        where
            t1_0.ciudadano_id=? 
            and t1_0.estado in ('GENERADO', 'LLAMADO', 'EN_ATENCION', 'REDIRIGIDO')
